[0916/104556.173:ERROR:process_reader_win.cc(151)] SuspendThread: Acceso denegado. (0x5)
[0916/104556.182:ERROR:process_reader_win.cc(151)] SuspendThread: Acceso denegado. (0x5)
[0916/104556.184:ERROR:process_reader_win.cc(151)] SuspendThread: Acceso denegado. (0x5)
[0916/104556.272:ERROR:process_reader_win.cc(151)] SuspendThread: Acceso denegado. (0x5)
[0916/104556.272:ERROR:process_reader_win.cc(151)] SuspendThread: Acceso denegado. (0x5)
[0916/104556.273:ERROR:process_reader_win.cc(151)] SuspendThread: Acceso denegado. (0x5)
[0916/104556.344:ERROR:process_reader_win.cc(151)] SuspendThread: Acceso denegado. (0x5)
[0916/104556.344:ERROR:process_reader_win.cc(151)] SuspendThread: Acceso denegado. (0x5)
[0916/104556.344:ERROR:process_reader_win.cc(151)] SuspendThread: Acceso denegado. (0x5)
[0916/104556.426:ERROR:process_reader_win.cc(151)] SuspendThread: Acceso denegado. (0x5)
[0916/104556.427:ERROR:process_reader_win.cc(151)] SuspendThread: Acceso denegado. (0x5)
[0916/104556.427:ERROR:process_reader_win.cc(151)] SuspendThread: Acceso denegado. (0x5)
[0916/104556.505:ERROR:process_reader_win.cc(151)] SuspendThread: Acceso denegado. (0x5)
[0916/104556.542:ERROR:process_memory_win.cc(73)] ReadMemory at 0x1c8f6c40ce0 of 72 bytes failed: Solo se completó una parte de una solicitud ReadProcessMemory o WriteProcessMemory. (0x12B)
[0916/104556.542:WARNING:pe_image_annotations_reader.cc(135)] could not read annotations list object in C:\Program Files (x86)\Google\Chrome\Application\85.0.4183.102\chrome_elf.dll
[0916/104556.542:ERROR:process_memory_win.cc(73)] ReadMemory at 0x1c8f6d80000 of 64 bytes failed: Solo se completó una parte de una solicitud ReadProcessMemory o WriteProcessMemory. (0x12B)
[0916/104556.542:WARNING:pe_image_reader.cc(340)] could not read dos header from C:\WINDOWS\System32\RPCRT4.dll
[0916/104556.542:ERROR:process_memory_win.cc(73)] ReadMemory at 0x1c8f6c7c600 of 72 bytes failed: Solo se completó una parte de una solicitud ReadProcessMemory o WriteProcessMemory. (0x12B)
[0916/104556.542:WARNING:pe_image_annotations_reader.cc(135)] could not read annotations list object in C:\Program Files (x86)\Google\Chrome\Application\85.0.4183.102\chrome.dll
[0916/104556.543:ERROR:process_memory_win.cc(73)] ReadMemory at 0x1c8f6c40ce0 of 72 bytes failed: Solo se completó una parte de una solicitud ReadProcessMemory o WriteProcessMemory. (0x12B)
[0916/104556.543:WARNING:pe_image_annotations_reader.cc(135)] could not read annotations list object in C:\Program Files (x86)\Google\Chrome\Application\85.0.4183.102\chrome_elf.dll
[0916/104556.543:ERROR:process_memory_win.cc(73)] ReadMemory at 0x1c8f6d80000 of 64 bytes failed: Solo se completó una parte de una solicitud ReadProcessMemory o WriteProcessMemory. (0x12B)
[0916/104556.543:WARNING:pe_image_reader.cc(340)] could not read dos header from C:\WINDOWS\System32\RPCRT4.dll
[0916/104556.543:ERROR:process_memory_win.cc(73)] ReadMemory at 0x1c8f6c7c600 of 72 bytes failed: Solo se completó una parte de una solicitud ReadProcessMemory o WriteProcessMemory. (0x12B)
[0916/104556.543:WARNING:pe_image_annotations_reader.cc(135)] could not read annotations list object in C:\Program Files (x86)\Google\Chrome\Application\85.0.4183.102\chrome.dll
[0916/104556.554:ERROR:process_memory_win.cc(73)] ReadMemory at 0xcf8700000 of 1048576 bytes failed: Solo se completó una parte de una solicitud ReadProcessMemory o WriteProcessMemory. (0x12B)
[0916/104556.556:ERROR:process_memory_win.cc(73)] ReadMemory at 0xcefeab000 of 852 bytes failed: Solo se completó una parte de una solicitud ReadProcessMemory o WriteProcessMemory. (0x12B)
[0916/104556.556:ERROR:process_memory_win.cc(73)] ReadMemory at 0xcefecc000 of 6024 bytes failed: Solo se completó una parte de una solicitud ReadProcessMemory o WriteProcessMemory. (0x12B)
[0916/104556.556:ERROR:process_memory_win.cc(73)] ReadMemory at 0x1c8f6c30fe0 of 10306 bytes failed: Solo se completó una parte de una solicitud ReadProcessMemory o WriteProcessMemory. (0x12B)
[0916/104556.556:ERROR:process_memory_win.cc(73)] ReadMemory at 0x1c8f6c33830 of 1012 bytes failed: Solo se completó una parte de una solicitud ReadProcessMemory o WriteProcessMemory. (0x12B)
[0916/104556.557:ERROR:process_memory_win.cc(73)] ReadMemory at 0x1c8f6c33e78 of 118 bytes failed: Solo se completó una parte de una solicitud ReadProcessMemory o WriteProcessMemory. (0x12B)
[0916/104556.557:ERROR:process_memory_win.cc(73)] ReadMemory at 0x1c8f6c33ef0 of 1000 bytes failed: Solo se completó una parte de una solicitud ReadProcessMemory o WriteProcessMemory. (0x12B)
[0916/104556.557:ERROR:process_memory_win.cc(73)] ReadMemory at 0x1c8f6c342da of 118 bytes failed: Solo se completó una parte de una solicitud ReadProcessMemory o WriteProcessMemory. (0x12B)
[0916/104556.557:ERROR:process_memory_win.cc(73)] ReadMemory at 0x1c8f6c34352 of 98 bytes failed: Solo se completó una parte de una solicitud ReadProcessMemory o WriteProcessMemory. (0x12B)
[0916/104556.557:ERROR:process_memory_win.cc(73)] ReadMemory at 0x1c8f6c343c0 of 58 bytes failed: Solo se completó una parte de una solicitud ReadProcessMemory o WriteProcessMemory. (0x12B)
[0916/104556.557:ERROR:process_memory_win.cc(73)] ReadMemory at 0x1c8f6c344c0 of 132 bytes failed: Solo se completó una parte de una solicitud ReadProcessMemory o WriteProcessMemory. (0x12B)
[0916/104556.557:ERROR:process_memory_win.cc(73)] ReadMemory at 0x1c8f6c34650 of 132 bytes failed: Solo se completó una parte de una solicitud ReadProcessMemory o WriteProcessMemory. (0x12B)
[0916/104556.557:ERROR:process_memory_win.cc(73)] ReadMemory at 0x1c8f6c34810 of 126 bytes failed: Solo se completó una parte de una solicitud ReadProcessMemory o WriteProcessMemory. (0x12B)
[0916/104556.558:ERROR:process_memory_win.cc(73)] ReadMemory at 0x1c8f6c34bf0 of 132 bytes failed: Solo se completó una parte de una solicitud ReadProcessMemory o WriteProcessMemory. (0x12B)
[0916/104556.558:ERROR:process_memory_win.cc(73)] ReadMemory at 0x1c8f6c34d80 of 64 bytes failed: Solo se completó una parte de una solicitud ReadProcessMemory o WriteProcessMemory. (0x12B)
[0916/104556.558:ERROR:process_memory_win.cc(73)] ReadMemory at 0x1c8f6c34f40 of 132 bytes failed: Solo se completó una parte de una solicitud ReadProcessMemory o WriteProcessMemory. (0x12B)
[0916/104556.558:ERROR:process_memory_win.cc(73)] ReadMemory at 0x1c8f6c351e0 of 132 bytes failed: Solo se completó una parte de una solicitud ReadProcessMemory o WriteProcessMemory. (0x12B)
[0916/104556.558:ERROR:process_memory_win.cc(73)] ReadMemory at 0x1c8f6c35370 of 68 bytes failed: Solo se completó una parte de una solicitud ReadProcessMemory o WriteProcessMemory. (0x12B)
[0916/104556.558:ERROR:process_memory_win.cc(73)] ReadMemory at 0x1c8f6c364b0 of 132 bytes failed: Solo se completó una parte de una solicitud ReadProcessMemory o WriteProcessMemory. (0x12B)
[0916/104556.558:ERROR:process_memory_win.cc(73)] ReadMemory at 0x1c8f6c36640 of 154 bytes failed: Solo se completó una parte de una solicitud ReadProcessMemory o WriteProcessMemory. (0x12B)
[0916/104556.558:ERROR:process_memory_win.cc(73)] ReadMemory at 0x1c8f6c374b0 of 62 bytes failed: Solo se completó una parte de una solicitud ReadProcessMemory o WriteProcessMemory. (0x12B)
[0916/104556.558:ERROR:process_memory_win.cc(73)] ReadMemory at 0x1c8f6c375e0 of 132 bytes failed: Solo se completó una parte de una solicitud ReadProcessMemory o WriteProcessMemory. (0x12B)
[0916/104556.558:ERROR:process_memory_win.cc(73)] ReadMemory at 0x1c8f6c37770 of 60 bytes failed: Solo se completó una parte de una solicitud ReadProcessMemory o WriteProcessMemory. (0x12B)
[0916/104556.558:ERROR:process_memory_win.cc(73)] ReadMemory at 0x1c8f6c3e4d0 of 80 bytes failed: Solo se completó una parte de una solicitud ReadProcessMemory o WriteProcessMemory. (0x12B)
[0916/104556.558:ERROR:process_memory_win.cc(73)] ReadMemory at 0x1c8f6c468f0 of 132 bytes failed: Solo se completó una parte de una solicitud ReadProcessMemory o WriteProcessMemory. (0x12B)
[0916/104556.558:ERROR:process_memory_win.cc(73)] ReadMemory at 0x1c8f6c46b10 of 132 bytes failed: Solo se completó una parte de una solicitud ReadProcessMemory o WriteProcessMemory. (0x12B)
[0916/104556.559:ERROR:process_memory_win.cc(73)] ReadMemory at 0x1c8f6c47100 of 132 bytes failed: Solo se completó una parte de una solicitud ReadProcessMemory o WriteProcessMemory. (0x12B)
[0916/104556.559:ERROR:process_memory_win.cc(73)] ReadMemory at 0x1c8f6c47400 of 132 bytes failed: Solo se completó una parte de una solicitud ReadProcessMemory o WriteProcessMemory. (0x12B)
[0916/104556.559:ERROR:process_memory_win.cc(73)] ReadMemory at 0x1c8f6c48630 of 132 bytes failed: Solo se completó una parte de una solicitud ReadProcessMemory o WriteProcessMemory. (0x12B)
[0916/104556.559:ERROR:process_memory_win.cc(73)] ReadMemory at 0x1c8f6c48760 of 132 bytes failed: Solo se completó una parte de una solicitud ReadProcessMemory o WriteProcessMemory. (0x12B)
[0916/104556.559:ERROR:process_memory_win.cc(73)] ReadMemory at 0x1c8f6c4b170 of 132 bytes failed: Solo se completó una parte de una solicitud ReadProcessMemory o WriteProcessMemory. (0x12B)
[0916/104556.559:ERROR:process_memory_win.cc(73)] ReadMemory at 0x1c8f6c4b4c0 of 64 bytes failed: Solo se completó una parte de una solicitud ReadProcessMemory o WriteProcessMemory. (0x12B)
[0916/104556.559:ERROR:process_memory_win.cc(73)] ReadMemory at 0x1c8f6c4b560 of 64 bytes failed: Solo se completó una parte de una solicitud ReadProcessMemory o WriteProcessMemory. (0x12B)
[0916/104556.559:ERROR:process_memory_win.cc(73)] ReadMemory at 0x1c8f6c4b600 of 60 bytes failed: Solo se completó una parte de una solicitud ReadProcessMemory o WriteProcessMemory. (0x12B)
[0916/104556.559:ERROR:process_memory_win.cc(73)] ReadMemory at 0x1c8f6c4b650 of 64 bytes failed: Solo se completó una parte de una solicitud ReadProcessMemory o WriteProcessMemory. (0x12B)
[0916/104556.559:ERROR:process_memory_win.cc(73)] ReadMemory at 0x1c8f6c4b6a0 of 60 bytes failed: Solo se completó una parte de una solicitud ReadProcessMemory o WriteProcessMemory. (0x12B)
[0916/104556.559:ERROR:process_memory_win.cc(73)] ReadMemory at 0x1c8f6c4b6f0 of 62 bytes failed: Solo se completó una parte de una solicitud ReadProcessMemory o WriteProcessMemory. (0x12B)
[0916/104556.559:ERROR:process_memory_win.cc(73)] ReadMemory at 0x1c8f6c4b740 of 64 bytes failed: Solo se completó una parte de una solicitud ReadProcessMemory o WriteProcessMemory. (0x12B)
[0916/104556.560:ERROR:process_memory_win.cc(73)] ReadMemory at 0x1c8f6c4b830 of 60 bytes failed: Solo se completó una parte de una solicitud ReadProcessMemory o WriteProcessMemory. (0x12B)
[0916/104556.560:ERROR:process_memory_win.cc(73)] ReadMemory at 0x1c8f6c4b8d0 of 58 bytes failed: Solo se completó una parte de una solicitud ReadProcessMemory o WriteProcessMemory. (0x12B)
[0916/104556.560:ERROR:process_memory_win.cc(73)] ReadMemory at 0x1c8f6c4b920 of 62 bytes failed: Solo se completó una parte de una solicitud ReadProcessMemory o WriteProcessMemory. (0x12B)
[0916/104556.560:ERROR:process_memory_win.cc(73)] ReadMemory at 0x1c8f6c4ba10 of 62 bytes failed: Solo se completó una parte de una solicitud ReadProcessMemory o WriteProcessMemory. (0x12B)
[0916/104556.560:ERROR:process_memory_win.cc(73)] ReadMemory at 0x1c8f6c4ba60 of 64 bytes failed: Solo se completó una parte de una solicitud ReadProcessMemory o WriteProcessMemory. (0x12B)
[0916/104556.560:ERROR:process_memory_win.cc(73)] ReadMemory at 0x1c8f6c4bba0 of 62 bytes failed: Solo se completó una parte de una solicitud ReadProcessMemory o WriteProcessMemory. (0x12B)
[0916/104556.560:ERROR:process_memory_win.cc(73)] ReadMemory at 0x1c8f6c4bc40 of 66 bytes failed: Solo se completó una parte de una solicitud ReadProcessMemory o WriteProcessMemory. (0x12B)
[0916/104556.560:ERROR:process_memory_win.cc(73)] ReadMemory at 0x1c8f6c4bce0 of 62 bytes failed: Solo se completó una parte de una solicitud ReadProcessMemory o WriteProcessMemory. (0x12B)
[0916/104556.560:ERROR:process_memory_win.cc(73)] ReadMemory at 0x1c8f6c4bd30 of 60 bytes failed: Solo se completó una parte de una solicitud ReadProcessMemory o WriteProcessMemory. (0x12B)
[0916/104556.560:ERROR:process_memory_win.cc(73)] ReadMemory at 0x1c8f6c4bd80 of 62 bytes failed: Solo se completó una parte de una solicitud ReadProcessMemory o WriteProcessMemory. (0x12B)
[0916/104556.561:ERROR:process_memory_win.cc(73)] ReadMemory at 0x1c8f6c4bdd0 of 62 bytes failed: Solo se completó una parte de una solicitud ReadProcessMemory o WriteProcessMemory. (0x12B)
[0916/104556.561:ERROR:process_memory_win.cc(73)] ReadMemory at 0x1c8f6c4be70 of 60 bytes failed: Solo se completó una parte de una solicitud ReadProcessMemory o WriteProcessMemory. (0x12B)
[0916/104556.561:ERROR:process_memory_win.cc(73)] ReadMemory at 0x1c8f6c4bec0 of 64 bytes failed: Solo se completó una parte de una solicitud ReadProcessMemory o WriteProcessMemory. (0x12B)
[0916/104556.561:ERROR:process_memory_win.cc(73)] ReadMemory at 0x1c8f6c4bf10 of 66 bytes failed: Solo se completó una parte de una solicitud ReadProcessMemory o WriteProcessMemory. (0x12B)
[0916/104556.561:ERROR:process_memory_win.cc(73)] ReadMemory at 0x1c8f6c4c140 of 64 bytes failed: Solo se completó una parte de una solicitud ReadProcessMemory o WriteProcessMemory. (0x12B)
[0916/104556.561:ERROR:process_memory_win.cc(73)] ReadMemory at 0x1c8f6c4c190 of 62 bytes failed: Solo se completó una parte de una solicitud ReadProcessMemory o WriteProcessMemory. (0x12B)
[0916/104556.561:ERROR:process_memory_win.cc(73)] ReadMemory at 0x1c8f6c4c1e0 of 62 bytes failed: Solo se completó una parte de una solicitud ReadProcessMemory o WriteProcessMemory. (0x12B)
[0916/104556.561:ERROR:process_memory_win.cc(73)] ReadMemory at 0x1c8f6c4c280 of 64 bytes failed: Solo se completó una parte de una solicitud ReadProcessMemory o WriteProcessMemory. (0x12B)
[0916/104556.561:ERROR:process_memory_win.cc(73)] ReadMemory at 0x1c8f6c4c320 of 62 bytes failed: Solo se completó una parte de una solicitud ReadProcessMemory o WriteProcessMemory. (0x12B)
[0916/104556.561:ERROR:process_memory_win.cc(73)] ReadMemory at 0x1c8f6c4c3c0 of 60 bytes failed: Solo se completó una parte de una solicitud ReadProcessMemory o WriteProcessMemory. (0x12B)
[0916/104556.561:ERROR:process_memory_win.cc(73)] ReadMemory at 0x1c8f6c4d120 of 54 bytes failed: Solo se completó una parte de una solicitud ReadProcessMemory o WriteProcessMemory. (0x12B)
[0916/104556.562:ERROR:process_memory_win.cc(73)] ReadMemory at 0x1c8f6c4ed30 of 132 bytes failed: Solo se completó una parte de una solicitud ReadProcessMemory o WriteProcessMemory. (0x12B)
[0916/104556.562:ERROR:process_memory_win.cc(73)] ReadMemory at 0x1c8f6c4ee60 of 132 bytes failed: Solo se completó una parte de una solicitud ReadProcessMemory o WriteProcessMemory. (0x12B)
[0916/104556.562:ERROR:process_memory_win.cc(73)] ReadMemory at 0x1c8f6c50540 of 132 bytes failed: Solo se completó una parte de una solicitud ReadProcessMemory o WriteProcessMemory. (0x12B)
[0916/104556.562:ERROR:process_memory_win.cc(73)] ReadMemory at 0x1c8f6c50670 of 146 bytes failed: Solo se completó una parte de una solicitud ReadProcessMemory o WriteProcessMemory. (0x12B)
[0916/104556.562:ERROR:process_memory_win.cc(73)] ReadMemory at 0x1c8f6c56130 of 132 bytes failed: Solo se completó una parte de una solicitud ReadProcessMemory o WriteProcessMemory. (0x12B)
[0916/104556.562:ERROR:process_memory_win.cc(73)] ReadMemory at 0x1c8f6c56260 of 132 bytes failed: Solo se completó una parte de una solicitud ReadProcessMemory o WriteProcessMemory. (0x12B)
[0916/104556.562:ERROR:process_memory_win.cc(73)] ReadMemory at 0x1c8f6c56390 of 132 bytes failed: Solo se completó una parte de una solicitud ReadProcessMemory o WriteProcessMemory. (0x12B)
[0916/104556.562:ERROR:process_memory_win.cc(73)] ReadMemory at 0x1c8f6c564c0 of 132 bytes failed: Solo se completó una parte de una solicitud ReadProcessMemory o WriteProcessMemory. (0x12B)
[0916/104556.562:ERROR:process_memory_win.cc(73)] ReadMemory at 0x1c8f6c565f0 of 132 bytes failed: Solo se completó una parte de una solicitud ReadProcessMemory o WriteProcessMemory. (0x12B)
[0916/104556.563:ERROR:process_memory_win.cc(73)] ReadMemory at 0x1c8f6c56720 of 132 bytes failed: Solo se completó una parte de una solicitud ReadProcessMemory o WriteProcessMemory. (0x12B)
[0916/104556.563:ERROR:process_memory_win.cc(73)] ReadMemory at 0x1c8f6c56850 of 132 bytes failed: Solo se completó una parte de una solicitud ReadProcessMemory o WriteProcessMemory. (0x12B)
[0916/104556.563:ERROR:process_memory_win.cc(73)] ReadMemory at 0x1c8f6c56980 of 132 bytes failed: Solo se completó una parte de una solicitud ReadProcessMemory o WriteProcessMemory. (0x12B)
[0916/104556.563:ERROR:process_memory_win.cc(73)] ReadMemory at 0x1c8f6c56ab0 of 132 bytes failed: Solo se completó una parte de una solicitud ReadProcessMemory o WriteProcessMemory. (0x12B)
[0916/104556.563:ERROR:process_memory_win.cc(73)] ReadMemory at 0x1c8f6c56be0 of 132 bytes failed: Solo se completó una parte de una solicitud ReadProcessMemory o WriteProcessMemory. (0x12B)
[0916/104556.563:ERROR:process_memory_win.cc(73)] ReadMemory at 0x1c8f6c56d10 of 132 bytes failed: Solo se completó una parte de una solicitud ReadProcessMemory o WriteProcessMemory. (0x12B)
[0916/104556.563:ERROR:process_memory_win.cc(73)] ReadMemory at 0x1c8f6c56e40 of 132 bytes failed: Solo se completó una parte de una solicitud ReadProcessMemory o WriteProcessMemory. (0x12B)
[0916/104556.563:ERROR:process_memory_win.cc(73)] ReadMemory at 0x1c8f6c57840 of 132 bytes failed: Solo se completó una parte de una solicitud ReadProcessMemory o WriteProcessMemory. (0x12B)
[0916/104556.563:ERROR:process_memory_win.cc(73)] ReadMemory at 0x1c8f6c58090 of 132 bytes failed: Solo se completó una parte de una solicitud ReadProcessMemory o WriteProcessMemory. (0x12B)
[0916/104556.563:ERROR:process_memory_win.cc(73)] ReadMemory at 0x1c8f6c581c0 of 132 bytes failed: Solo se completó una parte de una solicitud ReadProcessMemory o WriteProcessMemory. (0x12B)
[0916/104556.563:ERROR:process_memory_win.cc(73)] ReadMemory at 0x1c8f6c58420 of 132 bytes failed: Solo se completó una parte de una solicitud ReadProcessMemory o WriteProcessMemory. (0x12B)
[0916/104556.563:ERROR:process_memory_win.cc(73)] ReadMemory at 0x1c8f6c58550 of 132 bytes failed: Solo se completó una parte de una solicitud ReadProcessMemory o WriteProcessMemory. (0x12B)
[0916/104556.564:ERROR:process_memory_win.cc(73)] ReadMemory at 0x1c8f6c58da0 of 132 bytes failed: Solo se completó una parte de una solicitud ReadProcessMemory o WriteProcessMemory. (0x12B)
[0916/104556.564:ERROR:process_memory_win.cc(73)] ReadMemory at 0x1c8f6c59000 of 132 bytes failed: Solo se completó una parte de una solicitud ReadProcessMemory o WriteProcessMemory. (0x12B)
[0916/104556.564:ERROR:process_memory_win.cc(73)] ReadMemory at 0x1c8f6c59130 of 132 bytes failed: Solo se completó una parte de una solicitud ReadProcessMemory o WriteProcessMemory. (0x12B)
[0916/104556.564:ERROR:process_memory_win.cc(73)] ReadMemory at 0x1c8f6c59260 of 132 bytes failed: Solo se completó una parte de una solicitud ReadProcessMemory o WriteProcessMemory. (0x12B)
[0916/104556.564:ERROR:process_memory_win.cc(73)] ReadMemory at 0x1c8f6c59390 of 132 bytes failed: Solo se completó una parte de una solicitud ReadProcessMemory o WriteProcessMemory. (0x12B)
[0916/104556.564:ERROR:process_memory_win.cc(73)] ReadMemory at 0x1c8f6c5aa20 of 76 bytes failed: Solo se completó una parte de una solicitud ReadProcessMemory o WriteProcessMemory. (0x12B)
[0916/104556.565:ERROR:process_memory_win.cc(73)] ReadMemory at 0x1c8f6c5af60 of 80 bytes failed: Solo se completó una parte de una solicitud ReadProcessMemory o WriteProcessMemory. (0x12B)
[0916/104556.565:ERROR:process_memory_win.cc(73)] ReadMemory at 0x7ffcf9bc0000 of 384 bytes failed: Solo se completó una parte de una solicitud ReadProcessMemory o WriteProcessMemory. (0x12B)
[0916/104556.565:ERROR:process_memory_win.cc(73)] ReadMemory at 0x7ffcfa32d6b0 of 512 bytes failed: Solo se completó una parte de una solicitud ReadProcessMemory o WriteProcessMemory. (0x12B)
[0916/104556.565:ERROR:process_memory_win.cc(73)] ReadMemory at 0x7ffd0128f2a4 of 512 bytes failed: Solo se completó una parte de una solicitud ReadProcessMemory o WriteProcessMemory. (0x12B)
[0916/104556.565:ERROR:process_memory_win.cc(73)] ReadMemory at 0x7ffd4498d700 of 512 bytes failed: Solo se completó una parte de una solicitud ReadProcessMemory o WriteProcessMemory. (0x12B)
[0916/104556.565:ERROR:process_memory_win.cc(73)] ReadMemory at 0x7ffd46eac490 of 512 bytes failed: Solo se completó una parte de una solicitud ReadProcessMemory o WriteProcessMemory. (0x12B)
[0916/104556.565:ERROR:process_memory_win.cc(73)] ReadMemory at 0x7ffd46ebc674 of 512 bytes failed: Solo se completó una parte de una solicitud ReadProcessMemory o WriteProcessMemory. (0x12B)
[0916/104556.566:ERROR:process_memory_win.cc(73)] ReadMemory at 0x7ffd46f4c428 of 18 bytes failed: Solo se completó una parte de una solicitud ReadProcessMemory o WriteProcessMemory. (0x12B)
[0916/104556.566:ERROR:process_memory_win.cc(73)] ReadMemory at 0x7ffd46f7f4f8 of 40 bytes failed: Solo se completó una parte de una solicitud ReadProcessMemory o WriteProcessMemory. (0x12B)
[0916/104556.566:ERROR:process_memory_win.cc(73)] ReadMemory at 0x7ffd46f7f978 of 48 bytes failed: Solo se completó una parte de una solicitud ReadProcessMemory o WriteProcessMemory. (0x12B)
[0916/104556.566:ERROR:process_memory_win.cc(73)] ReadMemory at 0x7ffd46f853c0 of 64 bytes failed: Solo se completó una parte de una solicitud ReadProcessMemory o WriteProcessMemory. (0x12B)
[1009/182247.131:ERROR:directory_reader_win.cc(43)] FindFirstFile: El sistema no puede encontrar la ruta especificada. (0x3)
[1010/163627.040:ERROR:directory_reader_win.cc(43)] FindFirstFile: El sistema no puede encontrar la ruta especificada. (0x3)
[1010/165607.369:ERROR:directory_reader_win.cc(43)] FindFirstFile: El sistema no puede encontrar la ruta especificada. (0x3)
